app/build/intermediates/manifest_merge_blame_file/debug/manifest-merger-blame-debug-report.txt
1<?xml version="1.0" encoding="utf-8"?>
2<manifest xmlns:android="http://schemas.android.com/apk/res/android"
3    package="com.example.cao19BIT0292"
4    android:versionCode="1"
5    android:versionName="1.0" >
6
7    <uses-sdk
8        android:minSdkVersion="16"
8-->src\main\AndroidManifest.xml
9        android:targetSdkVersion="30" />
9-->src\main\AndroidManifest.xml
10
11    <application
11-->src\main\AndroidManifest.xml:5:5-34:19
12        android:allowBackup="true"
12-->src\main\AndroidManifest.xml:6:9-35
13        android:appComponentFactory="androidx.core.app.CoreComponentFactory"
13-->[androidx.core:core:1.3.1] AndroidManifest.xml:24:18-86
14        android:debuggable="true"
15        android:icon="@mipmap/ic_launcher"
15-->src\main\AndroidManifest.xml:7:9-43
16        android:label="Binary Calculator"
16-->src\main\AndroidManifest.xml:8:9-42
17        android:roundIcon="@mipmap/ic_launcher_round"
17-->src\main\AndroidManifest.xml:9:9-54
18        android:supportsRtl="true"
18-->src\main\AndroidManifest.xml:10:9-35
19        android:theme="@style/Theme.CAO" >
19-->src\main\AndroidManifest.xml:11:9-41
20        <activity
20-->src\main\AndroidManifest.xml:12:9-14:67
21            android:name="com.example.cao19BIT0292.Second"
21-->src\main\AndroidManifest.xml:12:19-41
22            android:label="INTPUT TYPE(19BIT0292)"
22-->src\main\AndroidManifest.xml:13:13-51
23            android:parentActivityName="com.example.cao19BIT0292.MainActivity" />
23-->src\main\AndroidManifest.xml:14:13-55
24        <activity
24-->src\main\AndroidManifest.xml:15:9-19:52
25            android:name="com.example.cao19BIT0292.ares"
25-->src\main\AndroidManifest.xml:16:13-33
26            android:label="Multiply Result(19BIT0292)"
26-->src\main\AndroidManifest.xml:17:13-55
27            android:parentActivityName="com.example.cao19BIT0292.Second" />
27-->src\main\AndroidManifest.xml:19:13-49
28        <activity
28-->src\main\AndroidManifest.xml:23:9-26:52
29            android:name="com.example.cao19BIT0292.add"
29-->src\main\AndroidManifest.xml:24:13-32
30            android:label="Menu(19BIT0292)"
30-->src\main\AndroidManifest.xml:25:13-44
31            android:parentActivityName="com.example.cao19BIT0292.Second" />
31-->src\main\AndroidManifest.xml:26:13-49
32        <activity android:name="com.example.cao19BIT0292.MainActivity" >
32-->src\main\AndroidManifest.xml:27:9-33:20
32-->src\main\AndroidManifest.xml:27:19-47
33            <intent-filter>
33-->src\main\AndroidManifest.xml:28:13-32:29
34                <action android:name="android.intent.action.MAIN" />
34-->src\main\AndroidManifest.xml:29:17-69
34-->src\main\AndroidManifest.xml:29:25-66
35
36                <category android:name="android.intent.category.LAUNCHER" />
36-->src\main\AndroidManifest.xml:31:17-77
36-->src\main\AndroidManifest.xml:31:27-74
37            </intent-filter>
38        </activity>
39    </application>
40
41</manifest>